<?xml version="1.0" encoding="UTF-8"?>
<!-- Generated by org.testng.reporters.JUnitReportReporter -->
<testsuite hostname="Rahul_P" name="parellel_browser.Parallel_Browser" tests="2" failures="0" timestamp="3 Sep 2014 06:52:20 GMT" time="18.406" errors="0">
  <testcase name="test_page" time="8.293" classname="parellel_browser.Parallel_Browser"/>
  <testcase name="test_page" time="10.113" classname="parellel_browser.Parallel_Browser"/>
</testsuite> <!-- parellel_browser.Parallel_Browser -->
