<?xml version="1.0" encoding="UTF-8"?>
<!-- Generated by org.testng.reporters.JUnitReportReporter -->
<testsuite hostname="Rahul_P" name="parellel_browser.WindowHandle" tests="1" failures="0" timestamp="4 Sep 2014 07:12:39 GMT" time="54.188" errors="0">
  <testcase name="windowHandle" time="54.188" classname="parellel_browser.WindowHandle"/>
</testsuite> <!-- parellel_browser.WindowHandle -->
