<?xml version="1.0" encoding="UTF-8"?>
<!-- Generated by org.testng.reporters.JUnitReportReporter -->
<testsuite hostname="Rahul_P" name="parellel_browser.Common_Methods" tests="1" failures="0" timestamp="4 Sep 2014 09:38:35 GMT" time="39.109" errors="0">
  <testcase name="demons" time="39.109" classname="parellel_browser.Common_Methods"/>
</testsuite> <!-- parellel_browser.Common_Methods -->
